  TrackingTree.cpp
c:\users\compu\desktop\project2-trackingtree\project2 - tracking tree\trackingtree.cpp(87): error C2065: 'tree_': undeclared identifier
c:\users\compu\desktop\project2-trackingtree\project2 - tracking tree\trackingtree.cpp(87): error C2227: left of '->left_' must point to class/struct/union/generic type
  c:\users\compu\desktop\project2-trackingtree\project2 - tracking tree\trackingtree.cpp(87): note: type is 'unknown-type'
c:\users\compu\desktop\project2-trackingtree\project2 - tracking tree\trackingtree.cpp(87): error C2660: 'TrackingTree::displayLeft': function does not take 2 arguments
  c:\users\compu\desktop\project2-trackingtree\project2 - tracking tree\trackingtree.h(31): note: see declaration of 'TrackingTree::displayLeft'
c:\users\compu\desktop\project2-trackingtree\project2 - tracking tree\trackingtree.cpp(88): error C2065: 'tree_': undeclared identifier
c:\users\compu\desktop\project2-trackingtree\project2 - tracking tree\trackingtree.cpp(88): error C2227: left of '->entry_' must point to class/struct/union/generic type
  c:\users\compu\desktop\project2-trackingtree\project2 - tracking tree\trackingtree.cpp(88): note: type is 'unknown-type'
c:\users\compu\desktop\project2-trackingtree\project2 - tracking tree\trackingtree.cpp(89): error C2065: 'tree_': undeclared identifier
c:\users\compu\desktop\project2-trackingtree\project2 - tracking tree\trackingtree.cpp(89): error C2227: left of '->right_' must point to class/struct/union/generic type
  c:\users\compu\desktop\project2-trackingtree\project2 - tracking tree\trackingtree.cpp(89): note: type is 'unknown-type'
c:\users\compu\desktop\project2-trackingtree\project2 - tracking tree\trackingtree.cpp(89): error C2660: 'TrackingTree::displayRight': function does not take 2 arguments
  c:\users\compu\desktop\project2-trackingtree\project2 - tracking tree\trackingtree.h(32): note: see declaration of 'TrackingTree::displayRight'
c:\users\compu\desktop\project2-trackingtree\project2 - tracking tree\trackingtree.cpp(101): error C2039: 'left_': is not a member of 'TrackingTree'
  c:\users\compu\desktop\project2-trackingtree\project2 - tracking tree\trackingtree.h(10): note: see declaration of 'TrackingTree'
c:\users\compu\desktop\project2-trackingtree\project2 - tracking tree\trackingtree.cpp(101): error C2660: 'TrackingTree::displayLeft': function does not take 2 arguments
  c:\users\compu\desktop\project2-trackingtree\project2 - tracking tree\trackingtree.cpp(93): note: see declaration of 'TrackingTree::displayLeft'
c:\users\compu\desktop\project2-trackingtree\project2 - tracking tree\trackingtree.cpp(103): error C2039: 'right_': is not a member of 'TrackingTree'
  c:\users\compu\desktop\project2-trackingtree\project2 - tracking tree\trackingtree.h(10): note: see declaration of 'TrackingTree'
c:\users\compu\desktop\project2-trackingtree\project2 - tracking tree\trackingtree.cpp(103): error C2660: 'TrackingTree::displayRight': function does not take 2 arguments
  c:\users\compu\desktop\project2-trackingtree\project2 - tracking tree\trackingtree.h(32): note: see declaration of 'TrackingTree::displayRight'
c:\users\compu\desktop\project2-trackingtree\project2 - tracking tree\trackingtree.cpp(115): error C2039: 'left_': is not a member of 'TrackingTree'
  c:\users\compu\desktop\project2-trackingtree\project2 - tracking tree\trackingtree.h(10): note: see declaration of 'TrackingTree'
c:\users\compu\desktop\project2-trackingtree\project2 - tracking tree\trackingtree.cpp(115): error C2660: 'TrackingTree::displayLeft': function does not take 2 arguments
  c:\users\compu\desktop\project2-trackingtree\project2 - tracking tree\trackingtree.cpp(93): note: see declaration of 'TrackingTree::displayLeft'
c:\users\compu\desktop\project2-trackingtree\project2 - tracking tree\trackingtree.cpp(117): error C2039: 'right_': is not a member of 'TrackingTree'
  c:\users\compu\desktop\project2-trackingtree\project2 - tracking tree\trackingtree.h(10): note: see declaration of 'TrackingTree'
c:\users\compu\desktop\project2-trackingtree\project2 - tracking tree\trackingtree.cpp(117): error C2660: 'TrackingTree::displayRight': function does not take 2 arguments
  c:\users\compu\desktop\project2-trackingtree\project2 - tracking tree\trackingtree.cpp(107): note: see declaration of 'TrackingTree::displayRight'
